/workspace/gnss_pod/run_ppp.py:56: RuntimeWarning: invalid value encountered in sqrt
  lat = np.arctan2(Z, p / np.sqrt(1 - e2*(Z/p)**2))

============================================================
GRACE-FO PPP 批量验证
日期范围: 2024-05-01 → 2024-05-31 (31 天)
星历模式: both
每日处理: 4.0h, 采样间隔 30.0s
============================================================


──────────────────────────────────────────────────
开始: BROADCAST 模式 (31 天)
──────────────────────────────────────────────────

[09:19:42] 2024-05-01 [broadcast]
  [缓存] 2024-05-01
  轨道: 86388 epochs
  PPP: 475/479 epochs 收敛
  E=2.15cm  N=2.84cm  U=10.80cm  3D=11.38cm  (416/475)
  进度: 1/31 天 (3%)

[09:19:48] 2024-05-02 [broadcast]
  [缓存] 2024-05-02
  轨道: 86368 epochs
  PPP: 463/479 epochs 收敛
  E=2.05cm  N=1.23cm  U=10.22cm  3D=10.50cm  (418/463)
  进度: 2/31 天 (6%)

[09:19:53] 2024-05-03 [broadcast]
  [缓存] 2024-05-03
  轨道: 86386 epochs
  PPP: 477/479 epochs 收敛
  E=1.59cm  N=1.53cm  U=12.26cm  3D=12.46cm  (410/477)
  进度: 3/31 天 (10%)

[09:19:59] 2024-05-04 [broadcast]
  [缓存] 2024-05-04
  轨道: 86354 epochs
  PPP: 478/479 epochs 收敛
  E=0.89cm  N=1.24cm  U=11.61cm  3D=11.71cm  (423/478)
  进度: 4/31 天 (13%)

[09:20:05] 2024-05-05 [broadcast]
  [缓存] 2024-05-05
  轨道: 86386 epochs
  PPP: 460/479 epochs 收敛
  E=0.86cm  N=0.76cm  U=9.47cm  3D=9.54cm  (409/460)
  进度: 5/31 天 (16%)

[09:20:10] 2024-05-06 [broadcast]
  [缓存] 2024-05-06
  轨道: 86354 epochs
  PPP: 470/479 epochs 收敛
  E=1.53cm  N=0.87cm  U=10.61cm  3D=10.76cm  (413/470)
  进度: 6/31 天 (19%)

[09:20:16] 2024-05-07 [broadcast]
  [缓存] 2024-05-07
  轨道: 86385 epochs
  PPP: 479/479 epochs 收敛
  E=1.90cm  N=1.46cm  U=14.40cm  3D=14.60cm  (427/479)
  进度: 7/31 天 (23%)

[09:20:22] 2024-05-08 [broadcast]
  [缓存] 2024-05-08
  轨道: 86380 epochs
  PPP: 475/479 epochs 收敛
  E=4.10cm  N=1.58cm  U=9.10cm  3D=10.10cm  (424/475)
  进度: 8/31 天 (26%)

[09:20:27] 2024-05-09 [broadcast]
  [缓存] 2024-05-09
  轨道: 86384 epochs
  PPP: 463/479 epochs 收敛
  E=2.96cm  N=0.84cm  U=9.02cm  3D=9.53cm  (416/463)
  进度: 9/31 天 (29%)

[09:20:33] 2024-05-10 [broadcast]
  [缓存] 2024-05-10
  轨道: 86373 epochs
  PPP: 466/479 epochs 收敛
  E=2.46cm  N=3.90cm  U=11.22cm  3D=12.13cm  (419/466)
  进度: 10/31 天 (32%)

[09:20:39] 2024-05-11 [broadcast]
  [缓存] 2024-05-11
  轨道: 86360 epochs
  PPP: 478/479 epochs 收敛
  E=1.69cm  N=2.48cm  U=14.11cm  3D=14.42cm  (426/478)
  进度: 11/31 天 (35%)

[09:20:45] 2024-05-12 [broadcast]
  [缓存] 2024-05-12
  轨道: 86366 epochs
  PPP: 464/479 epochs 收敛
  E=1.45cm  N=2.68cm  U=10.45cm  3D=10.89cm  (411/464)
  进度: 12/31 天 (39%)

[09:20:50] 2024-05-13 [broadcast]
  [缓存] 2024-05-13
  轨道: 86373 epochs
  PPP: 469/479 epochs 收敛
  E=2.01cm  N=1.17cm  U=11.72cm  3D=11.95cm  (431/469)
  进度: 13/31 天 (42%)

[09:20:56] 2024-05-14 [broadcast]
  [缓存] 2024-05-14
  轨道: 86382 epochs
  PPP: 476/479 epochs 收敛
  E=4.16cm  N=1.09cm  U=10.12cm  3D=11.00cm  (429/476)
  进度: 14/31 天 (45%)

[09:21:02] 2024-05-15 [broadcast]
  [缓存] 2024-05-15
  轨道: 86375 epochs
  PPP: 479/479 epochs 收敛
  E=1.73cm  N=1.99cm  U=12.63cm  3D=12.90cm  (443/479)
  进度: 15/31 天 (48%)

[09:21:11] 2024-05-16 [broadcast]
  [缓存] 2024-05-16
  轨道: 86385 epochs
  PPP: 466/479 epochs 收敛
  E=1.12cm  N=1.51cm  U=10.15cm  3D=10.32cm  (414/466)
  进度: 16/31 天 (52%)

[09:21:20] 2024-05-17 [broadcast]
  [缓存] 2024-05-17
  轨道: 86373 epochs
  PPP: 465/479 epochs 收敛
  E=1.21cm  N=1.20cm  U=9.66cm  3D=9.81cm  (426/465)
  进度: 17/31 天 (55%)

[09:21:25] 2024-05-18 [broadcast]
  [缓存] 2024-05-18
  轨道: 86387 epochs
  PPP: 476/479 epochs 收敛
  E=2.31cm  N=3.36cm  U=9.72cm  3D=10.54cm  (429/476)
  进度: 18/31 天 (58%)

[09:21:33] 2024-05-19 [broadcast]
  [缓存] 2024-05-19
  轨道: 86359 epochs
  PPP: 474/479 epochs 收敛
  E=1.77cm  N=1.70cm  U=13.02cm  3D=13.25cm  (427/474)
  进度: 19/31 天 (61%)

[09:21:40] 2024-05-20 [broadcast]
  [缓存] 2024-05-20
  轨道: 86382 epochs
  PPP: 471/479 epochs 收敛
  E=1.52cm  N=1.26cm  U=10.34cm  3D=10.53cm  (417/471)
  进度: 20/31 天 (65%)

[09:21:46] 2024-05-21 [broadcast]
  [缓存] 2024-05-21
  轨道: 86278 epochs
  PPP: 474/479 epochs 收敛
  E=1.27cm  N=1.10cm  U=11.71cm  3D=11.83cm  (422/474)
  进度: 21/31 天 (68%)

[09:21:51] 2024-05-22 [broadcast]
  [缓存] 2024-05-22
  轨道: 86387 epochs
  PPP: 479/479 epochs 收敛
  E=1.22cm  N=1.37cm  U=11.41cm  3D=11.56cm  (440/479)
  进度: 22/31 天 (71%)

[09:21:57] 2024-05-23 [broadcast]
  [缓存] 2024-05-23
  轨道: 86377 epochs
  PPP: 468/479 epochs 收敛
  E=2.46cm  N=1.97cm  U=14.16cm  3D=14.51cm  (416/468)
  进度: 23/31 天 (74%)

[09:22:03] 2024-05-24 [broadcast]
  [缓存] 2024-05-24
  轨道: 86386 epochs
  PPP: 469/479 epochs 收敛
  E=2.79cm  N=1.69cm  U=13.11cm  3D=13.51cm  (408/469)
  进度: 24/31 天 (77%)

[09:22:08] 2024-05-25 [broadcast]
  [缓存] 2024-05-25
  轨道: 86379 epochs
  PPP: 476/479 epochs 收敛
  E=0.73cm  N=0.92cm  U=10.12cm  3D=10.19cm  (421/476)
  进度: 25/31 天 (81%)

[09:22:14] 2024-05-26 [broadcast]
  [缓存] 2024-05-26
  轨道: 86365 epochs
  PPP: 477/479 epochs 收敛
  E=1.59cm  N=0.99cm  U=10.99cm  3D=11.15cm  (443/477)
  进度: 26/31 天 (84%)

[09:22:19] 2024-05-27 [broadcast]
  [缓存] 2024-05-27
  轨道: 86367 epochs
  PPP: 470/479 epochs 收敛
  E=2.81cm  N=2.74cm  U=17.21cm  3D=17.65cm  (342/470)
  进度: 27/31 天 (87%)

[09:22:25] 2024-05-28 [broadcast]
  [缓存] 2024-05-28
  轨道: 86370 epochs
  PPP: 475/479 epochs 收敛
  E=1.25cm  N=1.48cm  U=12.95cm  3D=13.09cm  (432/475)
  进度: 28/31 天 (90%)

[09:22:31] 2024-05-29 [broadcast]
  [缓存] 2024-05-29
  轨道: 86389 epochs
  PPP: 477/479 epochs 收敛
  E=0.89cm  N=0.84cm  U=8.59cm  3D=8.67cm  (439/477)
  进度: 29/31 天 (94%)

[09:22:36] 2024-05-30 [broadcast]
  [缓存] 2024-05-30
  轨道: 86378 epochs
  PPP: 469/479 epochs 收敛
  E=1.40cm  N=1.13cm  U=10.03cm  3D=10.19cm  (426/469)
  进度: 30/31 天 (97%)

[09:22:42] 2024-05-31 [broadcast]
  [缓存] 2024-05-31
  轨道: 86387 epochs
  PPP: 470/479 epochs 收敛
  E=4.89cm  N=2.49cm  U=14.24cm  3D=15.26cm  (396/470)
  进度: 31/31 天 (100%)

──────────────────────────────────────────────────
开始: SP3 模式 (31 天)
──────────────────────────────────────────────────

[09:22:47] 2024-05-01 [sp3]
  [缓存] 2024-05-01
  轨道: 86388 epochs
  [缓存] IGS SP3 (96 epochs, IGS0OPSRAP_202412100)
  PPP: 353/479 epochs 收敛
  E=3.35cm  N=9.79cm  U=23.27cm  3D=25.47cm  (153/353)
  进度: 1/31 天 (3%)

[09:22:51] 2024-05-02 [sp3]
  [缓存] 2024-05-02
  轨道: 86368 epochs
  查找 SP3: 2024-05-02 (GPS week 2312)
  [BKG 扫描] 最佳匹配: IGS0OPSRAP_20241210000_01D_15M_ORB.SP3.gz
  [BKG] ✓ 下载成功 (247KB)
  SP3: 96 epochs, 15 GPS 卫星, 2024-04-30 00:00:00 → 2024-04-30 23:45:00
  缓存: data/2024/123/igs_sp3.pkl
  PPP: 325/479 epochs 收敛
  E=2.05cm  N=5.70cm  U=22.42cm  3D=23.22cm  (125/325)
  进度: 2/31 天 (6%)

[09:22:58] 2024-05-03 [sp3]
  [缓存] 2024-05-03
  轨道: 86386 epochs
  查找 SP3: 2024-05-03 (GPS week 2312)
  [BKG 扫描] 最佳匹配: IGS0OPSRAP_20241210000_01D_15M_ORB.SP3.gz
  [BKG] ✓ 下载成功 (247KB)
  SP3: 96 epochs, 15 GPS 卫星, 2024-04-30 00:00:00 → 2024-04-30 23:45:00
  缓存: data/2024/124/igs_sp3.pkl
  PPP: 328/479 epochs 收敛
  E=2.21cm  N=4.17cm  U=23.27cm  3D=23.75cm  (133/328)
  进度: 3/31 天 (10%)

[09:23:05] 2024-05-04 [sp3]
  [缓存] 2024-05-04
  轨道: 86354 epochs
  查找 SP3: 2024-05-04 (GPS week 2312)
  [BKG 扫描] 最佳匹配: IGS0OPSRAP_20241210000_01D_15M_ORB.SP3.gz
  [BKG] ✓ 下载成功 (247KB)
  SP3: 96 epochs, 15 GPS 卫星, 2024-04-30 00:00:00 → 2024-04-30 23:45:00
  缓存: data/2024/125/igs_sp3.pkl
  PPP: 335/479 epochs 收敛
  E=2.29cm  N=2.94cm  U=22.12cm  3D=22.43cm  (145/335)
  进度: 4/31 天 (13%)

[09:23:11] 2024-05-05 [sp3]
  [缓存] 2024-05-05
  轨道: 86386 epochs
  查找 SP3: 2024-05-05 (GPS week 2313)
  [BKG 扫描] 未找到，尝试直接 URL...
  [BKG] 扫描相邻周目录...
  [BKG 周2312] 找到: IGS0OPSRAP_20241210000_01D_15M_ORB.SP3.gz
  [BKG 周2312] ✓ (247KB)
  SP3: 96 epochs, 15 GPS 卫星, 2024-04-30 00:00:00 → 2024-04-30 23:45:00
  缓存: data/2024/126/igs_sp3.pkl
  PPP: 338/479 epochs 收敛
  E=2.61cm  N=9.04cm  U=22.79cm  3D=24.66cm  (147/338)
  进度: 5/31 天 (16%)

[09:23:20] 2024-05-06 [sp3]
  [缓存] 2024-05-06
  轨道: 86354 epochs
  查找 SP3: 2024-05-06 (GPS week 2313)
  [BKG 扫描] 未找到，尝试直接 URL...
  [BKG] 扫描相邻周目录...
  [BKG 周2312] 找到: IGS0OPSRAP_20241210000_01D_15M_ORB.SP3.gz
  [BKG 周2312] ✓ (247KB)
  SP3: 96 epochs, 15 GPS 卫星, 2024-04-30 00:00:00 → 2024-04-30 23:45:00
  缓存: data/2024/127/igs_sp3.pkl
  PPP: 332/479 epochs 收敛
  E=2.21cm  N=6.31cm  U=24.53cm  3D=25.43cm  (127/332)
  进度: 6/31 天 (19%)

[09:23:27] 2024-05-07 [sp3]
  [缓存] 2024-05-07
  轨道: 86385 epochs
  查找 SP3: 2024-05-07 (GPS week 2313)
  [BKG 扫描] 未找到，尝试直接 URL...
  [BKG] 扫描相邻周目录...
  [BKG 周2312] 找到: IGS0OPSRAP_20241210000_01D_15M_ORB.SP3.gz
  [BKG 周2312] ✓ (247KB)
  SP3: 96 epochs, 15 GPS 卫星, 2024-04-30 00:00:00 → 2024-04-30 23:45:00
  缓存: data/2024/128/igs_sp3.pkl
  PPP: 301/479 epochs 收敛
  E=1.36cm  N=2.64cm  U=17.61cm  3D=17.86cm  (122/301)
  进度: 7/31 天 (23%)

[09:23:35] 2024-05-08 [sp3]
  [缓存] 2024-05-08
  轨道: 86380 epochs
  查找 SP3: 2024-05-08 (GPS week 2313)
  [BKG 扫描] 未找到，尝试直接 URL...
  [BKG] 扫描相邻周目录...
  [BKG 周2312] 找到: IGS0OPSRAP_20241210000_01D_15M_ORB.SP3.gz
  [BKG 周2312] ✓ (247KB)
  SP3: 96 epochs, 15 GPS 卫星, 2024-04-30 00:00:00 → 2024-04-30 23:45:00
  缓存: data/2024/129/igs_sp3.pkl
  PPP: 347/479 epochs 收敛
  E=1.55cm  N=4.46cm  U=19.33cm  3D=19.89cm  (142/347)
  进度: 8/31 天 (26%)

[09:23:43] 2024-05-09 [sp3]
  [缓存] 2024-05-09
  轨道: 86384 epochs
  查找 SP3: 2024-05-09 (GPS week 2313)
  [BKG 扫描] 未找到，尝试直接 URL...
  [BKG] 扫描相邻周目录...
  [BKG 周2312] 找到: IGS0OPSRAP_20241210000_01D_15M_ORB.SP3.gz
  [BKG 周2312] ✓ (247KB)
  SP3: 96 epochs, 15 GPS 卫星, 2024-04-30 00:00:00 → 2024-04-30 23:45:00
  缓存: data/2024/130/igs_sp3.pkl
  PPP: 320/477 epochs 收敛
  E=2.54cm  N=15.59cm  U=24.01cm  3D=28.74cm  (134/320)
  进度: 9/31 天 (29%)

[09:23:50] 2024-05-10 [sp3]
  [缓存] 2024-05-10
  轨道: 86373 epochs
  查找 SP3: 2024-05-10 (GPS week 2313)
  [BKG 扫描] 未找到，尝试直接 URL...
  [BKG] 扫描相邻周目录...
  [BKG 周2312] 找到: IGS0OPSRAP_20241210000_01D_15M_ORB.SP3.gz
  [BKG 周2312] ✓ (247KB)
  SP3: 96 epochs, 15 GPS 卫星, 2024-04-30 00:00:00 → 2024-04-30 23:45:00
  缓存: data/2024/131/igs_sp3.pkl
  PPP: 320/478 epochs 收敛
  E=1.93cm  N=5.88cm  U=20.26cm  3D=21.19cm  (124/320)
  进度: 10/31 天 (32%)

[09:23:57] 2024-05-11 [sp3]
  [缓存] 2024-05-11
  轨道: 86360 epochs
  查找 SP3: 2024-05-11 (GPS week 2313)
  [BKG 扫描] 未找到，尝试直接 URL...
  [BKG] 扫描相邻周目录...
  [BKG 周2312] 找到: IGS0OPSRAP_20241210000_01D_15M_ORB.SP3.gz
  [BKG 周2312] ✓ (247KB)
  SP3: 96 epochs, 15 GPS 卫星, 2024-04-30 00:00:00 → 2024-04-30 23:45:00
  缓存: data/2024/132/igs_sp3.pkl
  PPP: 310/479 epochs 收敛
  E=2.18cm  N=4.62cm  U=20.60cm  3D=21.23cm  (130/310)
  进度: 11/31 天 (35%)

[09:24:04] 2024-05-12 [sp3]
  [缓存] 2024-05-12
  轨道: 86366 epochs
  查找 SP3: 2024-05-12 (GPS week 2314)
  [BKG 扫描] 未找到，尝试直接 URL...
  [BKG] 扫描相邻周目录...
  [BKG 周2312] 找到: IGS0OPSRAP_20241210000_01D_15M_ORB.SP3.gz
  [BKG 周2312] ✓ (247KB)
  SP3: 96 epochs, 15 GPS 卫星, 2024-04-30 00:00:00 → 2024-04-30 23:45:00
  缓存: data/2024/133/igs_sp3.pkl
  PPP: 341/479 epochs 收敛
  E=2.03cm  N=4.08cm  U=25.22cm  3D=25.63cm  (136/341)
  进度: 12/31 天 (39%)

[09:24:15] 2024-05-13 [sp3]
  [缓存] 2024-05-13
  轨道: 86373 epochs
  查找 SP3: 2024-05-13 (GPS week 2314)
  [BKG 扫描] 未找到，尝试直接 URL...
  [BKG] 扫描相邻周目录...
  [BKG 周2312] 找到: IGS0OPSRAP_20241210000_01D_15M_ORB.SP3.gz
  [BKG 周2312] ✓ (247KB)
  SP3: 96 epochs, 15 GPS 卫星, 2024-04-30 00:00:00 → 2024-04-30 23:45:00
  缓存: data/2024/134/igs_sp3.pkl
  PPP: 328/477 epochs 收敛
  E=1.61cm  N=2.89cm  U=26.56cm  3D=26.76cm  (126/328)
  进度: 13/31 天 (42%)

[09:24:23] 2024-05-14 [sp3]
  [缓存] 2024-05-14
  轨道: 86382 epochs
  查找 SP3: 2024-05-14 (GPS week 2314)
  [BKG 扫描] 未找到，尝试直接 URL...
  [BKG] 扫描相邻周目录...
  [BKG 周2312] 找到: IGS0OPSRAP_20241210000_01D_15M_ORB.SP3.gz
  [BKG 周2312] ✓ (247KB)
  SP3: 96 epochs, 15 GPS 卫星, 2024-04-30 00:00:00 → 2024-04-30 23:45:00
  缓存: data/2024/135/igs_sp3.pkl
  PPP: 298/478 epochs 收敛
  E=2.80cm  N=8.74cm  U=20.61cm  3D=22.56cm  (127/298)
  进度: 14/31 天 (45%)

[09:24:31] 2024-05-15 [sp3]
  [缓存] 2024-05-15
  轨道: 86375 epochs
  查找 SP3: 2024-05-15 (GPS week 2314)
  [BKG 扫描] 未找到，尝试直接 URL...
  [BKG] 扫描相邻周目录...
  [BKG 周2312] 找到: IGS0OPSRAP_20241210000_01D_15M_ORB.SP3.gz
  [BKG 周2312] ✓ (247KB)
  SP3: 96 epochs, 15 GPS 卫星, 2024-04-30 00:00:00 → 2024-04-30 23:45:00
  缓存: data/2024/136/igs_sp3.pkl
  PPP: 330/479 epochs 收敛
  E=1.85cm  N=3.82cm  U=23.77cm  3D=24.14cm  (129/330)
  进度: 15/31 天 (48%)

[09:24:39] 2024-05-16 [sp3]
  [缓存] 2024-05-16
  轨道: 86385 epochs
  查找 SP3: 2024-05-16 (GPS week 2314)
  [BKG 扫描] 未找到，尝试直接 URL...
  [BKG] 扫描相邻周目录...
  [BKG 周2312] 找到: IGS0OPSRAP_20241210000_01D_15M_ORB.SP3.gz
  [BKG 周2312] ✓ (247KB)
  SP3: 96 epochs, 15 GPS 卫星, 2024-04-30 00:00:00 → 2024-04-30 23:45:00
  缓存: data/2024/137/igs_sp3.pkl
  PPP: 314/479 epochs 收敛
  E=3.21cm  N=5.79cm  U=27.74cm  3D=28.52cm  (110/314)
  进度: 16/31 天 (52%)

[09:24:48] 2024-05-17 [sp3]
  [缓存] 2024-05-17
  轨道: 86373 epochs
  查找 SP3: 2024-05-17 (GPS week 2314)
  [BKG 扫描] 未找到，尝试直接 URL...
  [BKG] 扫描相邻周目录...
  [BKG 周2312] 找到: IGS0OPSRAP_20241210000_01D_15M_ORB.SP3.gz
  [BKG 周2312] ✓ (247KB)
  SP3: 96 epochs, 15 GPS 卫星, 2024-04-30 00:00:00 → 2024-04-30 23:45:00
  缓存: data/2024/138/igs_sp3.pkl
  PPP: 323/479 epochs 收敛
  E=2.06cm  N=4.13cm  U=23.67cm  3D=24.11cm  (124/323)
  进度: 17/31 天 (55%)

[09:24:58] 2024-05-18 [sp3]
  [缓存] 2024-05-18
  轨道: 86387 epochs
  查找 SP3: 2024-05-18 (GPS week 2314)
  [BKG 扫描] 未找到，尝试直接 URL...
  [BKG] 扫描相邻周目录...
  [BKG 周2312] 找到: IGS0OPSRAP_20241210000_01D_15M_ORB.SP3.gz
  [BKG 周2312] ✓ (247KB)
  SP3: 96 epochs, 15 GPS 卫星, 2024-04-30 00:00:00 → 2024-04-30 23:45:00
  缓存: data/2024/139/igs_sp3.pkl
  PPP: 303/477 epochs 收敛
  E=3.07cm  N=10.56cm  U=18.70cm  3D=21.69cm  (138/303)
  进度: 18/31 天 (58%)

[09:25:07] 2024-05-19 [sp3]
  [缓存] 2024-05-19
  轨道: 86359 epochs
  查找 SP3: 2024-05-19 (GPS week 2315)
  [BKG 扫描] 未找到，尝试直接 URL...
  [BKG] 扫描相邻周目录...
  [BKG 周2312] 找到: IGS0OPSRAP_20241210000_01D_15M_ORB.SP3.gz
  [BKG 周2312] ✓ (247KB)
  SP3: 96 epochs, 15 GPS 卫星, 2024-04-30 00:00:00 → 2024-04-30 23:45:00
  缓存: data/2024/140/igs_sp3.pkl
  PPP: 324/479 epochs 收敛
  E=2.02cm  N=6.07cm  U=20.81cm  3D=21.77cm  (127/324)
  进度: 19/31 天 (61%)

[09:25:20] 2024-05-20 [sp3]
  [缓存] 2024-05-20
  轨道: 86382 epochs
  查找 SP3: 2024-05-20 (GPS week 2315)
  [BKG 扫描] 未找到，尝试直接 URL...
  [BKG] 扫描相邻周目录...
  [BKG 周2312] 找到: IGS0OPSRAP_20241210000_01D_15M_ORB.SP3.gz
  [BKG 周2312] ✓ (247KB)
  SP3: 96 epochs, 15 GPS 卫星, 2024-04-30 00:00:00 → 2024-04-30 23:45:00
  缓存: data/2024/141/igs_sp3.pkl
  PPP: 307/479 epochs 收敛
  E=2.62cm  N=6.08cm  U=28.06cm  3D=28.83cm  (111/307)
  进度: 20/31 天 (65%)

[09:25:30] 2024-05-21 [sp3]
  [缓存] 2024-05-21
  轨道: 86278 epochs
  查找 SP3: 2024-05-21 (GPS week 2315)
  [BKG 扫描] 未找到，尝试直接 URL...
  [BKG] 扫描相邻周目录...
  [BKG 周2312] 找到: IGS0OPSRAP_20241210000_01D_15M_ORB.SP3.gz
  [BKG 周2312] ✓ (247KB)
  SP3: 96 epochs, 15 GPS 卫星, 2024-04-30 00:00:00 → 2024-04-30 23:45:00
  缓存: data/2024/142/igs_sp3.pkl
  PPP: 298/479 epochs 收敛
  E=2.90cm  N=4.10cm  U=26.65cm  3D=27.12cm  (116/298)
  进度: 21/31 天 (68%)

[09:25:40] 2024-05-22 [sp3]
  [缓存] 2024-05-22
  轨道: 86387 epochs
  查找 SP3: 2024-05-22 (GPS week 2315)
  [BKG 扫描] 未找到，尝试直接 URL...
  [BKG] 扫描相邻周目录...
  [BKG 周2312] 找到: IGS0OPSRAP_20241210000_01D_15M_ORB.SP3.gz
  [BKG 周2312] ✓ (247KB)
  SP3: 96 epochs, 15 GPS 卫星, 2024-04-30 00:00:00 → 2024-04-30 23:45:00
  缓存: data/2024/143/igs_sp3.pkl
  PPP: 312/477 epochs 收敛
  E=2.78cm  N=9.45cm  U=20.70cm  3D=22.92cm  (143/312)
  进度: 22/31 天 (71%)

[09:25:52] 2024-05-23 [sp3]
  [缓存] 2024-05-23
  轨道: 86377 epochs
  查找 SP3: 2024-05-23 (GPS week 2315)
  [BKG 扫描] 未找到，尝试直接 URL...
  [BKG] 扫描相邻周目录...
  [BKG 周2312] 找到: IGS0OPSRAP_20241210000_01D_15M_ORB.SP3.gz
  [BKG 周2312] ✓ (247KB)
  SP3: 96 epochs, 15 GPS 卫星, 2024-04-30 00:00:00 → 2024-04-30 23:45:00
  缓存: data/2024/144/igs_sp3.pkl
  PPP: 297/479 epochs 收敛
  E=2.19cm  N=6.04cm  U=21.49cm  3D=22.43cm  (103/297)
  进度: 23/31 天 (74%)

[09:26:03] 2024-05-24 [sp3]
  [缓存] 2024-05-24
  轨道: 86386 epochs
  查找 SP3: 2024-05-24 (GPS week 2315)
  [BKG 扫描] 未找到，尝试直接 URL...
  [BKG] 扫描相邻周目录...
  [BKG 周2312] 找到: IGS0OPSRAP_20241210000_01D_15M_ORB.SP3.gz
  [BKG 周2312] ✓ (247KB)
  SP3: 96 epochs, 15 GPS 卫星, 2024-04-30 00:00:00 → 2024-04-30 23:45:00
  缓存: data/2024/145/igs_sp3.pkl
  PPP: 302/479 epochs 收敛
  E=1.90cm  N=4.74cm  U=23.96cm  3D=24.50cm  (104/302)
  进度: 24/31 天 (77%)

[09:26:13] 2024-05-25 [sp3]
  [缓存] 2024-05-25
  轨道: 86379 epochs
  查找 SP3: 2024-05-25 (GPS week 2315)
  [BKG 扫描] 未找到，尝试直接 URL...
  [BKG] 扫描相邻周目录...
  [BKG 周2312] 找到: IGS0OPSRAP_20241210000_01D_15M_ORB.SP3.gz
  [BKG 周2312] ✓ (247KB)
  SP3: 96 epochs, 15 GPS 卫星, 2024-04-30 00:00:00 → 2024-04-30 23:45:00
  缓存: data/2024/146/igs_sp3.pkl
  PPP: 300/479 epochs 收敛
  E=1.80cm  N=4.86cm  U=24.96cm  3D=25.49cm  (120/300)
  进度: 25/31 天 (81%)

[09:26:26] 2024-05-26 [sp3]
  [缓存] 2024-05-26
  轨道: 86365 epochs
  查找 SP3: 2024-05-26 (GPS week 2316)
  [BKG 扫描] 未找到，尝试直接 URL...
  [BKG] 扫描相邻周目录...
  [错误] 所有 SP3 数据源均不可用 (BKG/WHU)
  [警告] SP3 不可用，降级为广播星历
  PPP: 477/479 epochs 收敛
  E=1.59cm  N=0.99cm  U=10.99cm  3D=11.15cm  (443/477)
  进度: 26/31 天 (84%)

[09:26:39] 2024-05-27 [sp3]
  [缓存] 2024-05-27
  轨道: 86367 epochs
  查找 SP3: 2024-05-27 (GPS week 2316)
  [BKG 扫描] 未找到，尝试直接 URL...
  [BKG] 扫描相邻周目录...
  [错误] 所有 SP3 数据源均不可用 (BKG/WHU)
  [警告] SP3 不可用，降级为广播星历
  PPP: 470/479 epochs 收敛
  E=2.81cm  N=2.74cm  U=17.21cm  3D=17.65cm  (342/470)
  进度: 27/31 天 (87%)

[09:26:53] 2024-05-28 [sp3]
  [缓存] 2024-05-28
  轨道: 86370 epochs
  查找 SP3: 2024-05-28 (GPS week 2316)
  [BKG 扫描] 未找到，尝试直接 URL...
  [BKG] 扫描相邻周目录...
  [错误] 所有 SP3 数据源均不可用 (BKG/WHU)
  [警告] SP3 不可用，降级为广播星历
  PPP: 475/479 epochs 收敛
  E=1.25cm  N=1.48cm  U=12.95cm  3D=13.09cm  (432/475)
  进度: 28/31 天 (90%)

[09:27:06] 2024-05-29 [sp3]
  [缓存] 2024-05-29
  轨道: 86389 epochs
  查找 SP3: 2024-05-29 (GPS week 2316)
  [BKG 扫描] 未找到，尝试直接 URL...
  [BKG] 扫描相邻周目录...
  [错误] 所有 SP3 数据源均不可用 (BKG/WHU)
  [警告] SP3 不可用，降级为广播星历
  PPP: 477/479 epochs 收敛
  E=0.89cm  N=0.84cm  U=8.59cm  3D=8.67cm  (439/477)
  进度: 29/31 天 (94%)

[09:27:19] 2024-05-30 [sp3]
  [缓存] 2024-05-30
  轨道: 86378 epochs
  查找 SP3: 2024-05-30 (GPS week 2316)
  [BKG 扫描] 未找到，尝试直接 URL...
  [BKG] 扫描相邻周目录...
  [错误] 所有 SP3 数据源均不可用 (BKG/WHU)
  [警告] SP3 不可用，降级为广播星历
  PPP: 469/479 epochs 收敛
  E=1.40cm  N=1.13cm  U=10.03cm  3D=10.19cm  (426/469)
  进度: 30/31 天 (97%)

[09:27:32] 2024-05-31 [sp3]
  [缓存] 2024-05-31
  轨道: 86387 epochs
  查找 SP3: 2024-05-31 (GPS week 2316)
  [BKG 扫描] 未找到，尝试直接 URL...
  [BKG] 扫描相邻周目录...
  [错误] 所有 SP3 数据源均不可用 (BKG/WHU)
  [警告] SP3 不可用，降级为广播星历
  PPP: 470/479 epochs 收敛
  E=4.89cm  N=2.49cm  U=14.24cm  3D=15.26cm  (396/470)
  进度: 31/31 天 (100%)

对比报告: output/report_comparison_2024-05-01_2024-05-31.html

────────────────────────────────────────
广播星历 汇总 (31/31 天成功):
  E = 1.96 ± 0.99 cm
  N = 1.66 ± 0.78 cm
  U = 11.46 ± 1.93 cm
  3D = 11.80 ± 1.96 cm
────────────────────────────────────────

────────────────────────────────────────
精密星历 汇总 (31/31 天成功):
  E = 2.26 ± 0.76 cm
  N = 5.23 ± 3.18 cm
  U = 20.87 ± 4.99 cm
  3D = 21.82 ± 5.27 cm
────────────────────────────────────────

全部完成！日期范围: 2024-05-01 → 2024-05-31
