
============================================================
GRACE-FO PPP 批量验证
日期范围: 2024-05-01 → 2024-05-31 (31 天)
星历模式: sp3
SP3 产品: final
每日处理: 4.0h, 采样间隔 30.0s
============================================================


──────────────────────────────────────────────────
开始: SP3 模式 (31 天)
──────────────────────────────────────────────────

[10:29:17] 2024-05-01 [sp3]
  [缓存] 2024-05-01
  轨道: 86388 epochs
  [缓存] IGS SP3 FIN (96 epochs)
/workspace/gnss_pod/run_ppp.py:56: RuntimeWarning: invalid value encountered in sqrt
  lat = np.arctan2(Z, p / np.sqrt(1 - e2*(Z/p)**2))
  PPP: 478/479 epochs 收敛
  E=1.14cm  N=1.73cm  U=11.41cm  3D=11.60cm  (431/478)
  进度: 1/31 天 (3%)

[10:29:22] 2024-05-02 [sp3]
  [缓存] 2024-05-02
  轨道: 86368 epochs
  查找 SP3: 2024-05-02 (GPS week 2312, 优先 事后精密(FIN))
  [BKG 扫描] 找到: IGS0OPSFIN_20241210000_01D_15M_ORB.SP3.gz
  [BKG] ✓ 下载成功 (247KB, FIN)
  SP3: 96 epochs, 32 GPS 卫星, 2024-04-30 00:00:00 → 2024-04-30 23:45:00
  PPP: 475/479 epochs 收敛
  E=0.92cm  N=0.83cm  U=6.87cm  3D=6.98cm  (419/475)
  进度: 2/31 天 (6%)

[10:29:30] 2024-05-03 [sp3]
  [缓存] 2024-05-03
  轨道: 86386 epochs
  查找 SP3: 2024-05-03 (GPS week 2312, 优先 事后精密(FIN))
  [BKG 扫描] 找到: IGS0OPSFIN_20241210000_01D_15M_ORB.SP3.gz
  [BKG] ✓ 下载成功 (247KB, FIN)
  SP3: 96 epochs, 32 GPS 卫星, 2024-04-30 00:00:00 → 2024-04-30 23:45:00
  PPP: 453/479 epochs 收敛
  E=1.99cm  N=1.18cm  U=7.36cm  3D=7.71cm  (395/453)
  进度: 3/31 天 (10%)

[10:29:37] 2024-05-04 [sp3]
  [缓存] 2024-05-04
  轨道: 86354 epochs
  查找 SP3: 2024-05-04 (GPS week 2312, 优先 事后精密(FIN))
  [BKG 扫描] 找到: IGS0OPSFIN_20241210000_01D_15M_ORB.SP3.gz
  [BKG] ✓ 下载成功 (247KB, FIN)
  SP3: 96 epochs, 32 GPS 卫星, 2024-04-30 00:00:00 → 2024-04-30 23:45:00
  PPP: 467/479 epochs 收敛
  E=1.67cm  N=2.67cm  U=10.86cm  3D=11.31cm  (403/467)
  进度: 4/31 天 (13%)

[10:29:45] 2024-05-05 [sp3]
  [缓存] 2024-05-05
  轨道: 86386 epochs
  查找 SP3: 2024-05-05 (GPS week 2313, 优先 事后精密(FIN))
  [BKG 扫描] 未找到目标产品类型，扫描相邻周...
  [BKG 周2312] 找到: IGS0OPSFIN_20241210000_01D_15M_ORB.SP3.gz
  [BKG 周2312] ✓ (247KB)
  SP3: 96 epochs, 32 GPS 卫星, 2024-04-30 00:00:00 → 2024-04-30 23:45:00
  PPP: 478/479 epochs 收敛
  E=0.58cm  N=0.75cm  U=6.73cm  3D=6.79cm  (439/478)
  进度: 5/31 天 (16%)

[10:29:55] 2024-05-06 [sp3]
  [缓存] 2024-05-06
  轨道: 86354 epochs
  查找 SP3: 2024-05-06 (GPS week 2313, 优先 事后精密(FIN))
  [BKG 扫描] 未找到目标产品类型，扫描相邻周...
  [BKG 周2312] 找到: IGS0OPSFIN_20241210000_01D_15M_ORB.SP3.gz
  [BKG 周2312] ✓ (247KB)
  SP3: 96 epochs, 32 GPS 卫星, 2024-04-30 00:00:00 → 2024-04-30 23:45:00
  PPP: 477/479 epochs 收敛
  E=1.54cm  N=1.18cm  U=10.87cm  3D=11.05cm  (408/477)
  进度: 6/31 天 (19%)

[10:30:04] 2024-05-07 [sp3]
  [缓存] 2024-05-07
  轨道: 86385 epochs
  查找 SP3: 2024-05-07 (GPS week 2313, 优先 事后精密(FIN))
  [BKG 扫描] 未找到目标产品类型，扫描相邻周...
  [BKG 周2312] 找到: IGS0OPSFIN_20241210000_01D_15M_ORB.SP3.gz
  [BKG 周2312] ✓ (247KB)
  SP3: 96 epochs, 32 GPS 卫星, 2024-04-30 00:00:00 → 2024-04-30 23:45:00
  PPP: 464/479 epochs 收敛
  E=2.91cm  N=1.51cm  U=8.33cm  3D=8.96cm  (396/464)
  进度: 7/31 天 (23%)

[10:30:12] 2024-05-08 [sp3]
  [缓存] 2024-05-08
  轨道: 86380 epochs
  查找 SP3: 2024-05-08 (GPS week 2313, 优先 事后精密(FIN))
  [BKG 扫描] 未找到目标产品类型，扫描相邻周...
  [BKG 周2312] 找到: IGS0OPSFIN_20241210000_01D_15M_ORB.SP3.gz
  [BKG 周2312] ✓ (247KB)
  SP3: 96 epochs, 32 GPS 卫星, 2024-04-30 00:00:00 → 2024-04-30 23:45:00
  PPP: 464/479 epochs 收敛
  E=2.42cm  N=3.73cm  U=10.40cm  3D=11.31cm  (399/464)
  进度: 8/31 天 (26%)

[10:30:21] 2024-05-09 [sp3]
  [缓存] 2024-05-09
  轨道: 86384 epochs
  查找 SP3: 2024-05-09 (GPS week 2313, 优先 事后精密(FIN))
  [BKG 扫描] 未找到目标产品类型，扫描相邻周...
  [BKG 周2312] 找到: IGS0OPSFIN_20241210000_01D_15M_ORB.SP3.gz
  [BKG 周2312] ✓ (247KB)
  SP3: 96 epochs, 32 GPS 卫星, 2024-04-30 00:00:00 → 2024-04-30 23:45:00
  PPP: 473/479 epochs 收敛
  E=2.72cm  N=1.03cm  U=8.56cm  3D=9.04cm  (424/473)
  进度: 9/31 天 (29%)

[10:30:29] 2024-05-10 [sp3]
  [缓存] 2024-05-10
  轨道: 86373 epochs
  查找 SP3: 2024-05-10 (GPS week 2313, 优先 事后精密(FIN))
  [BKG 扫描] 未找到目标产品类型，扫描相邻周...
  [BKG 周2312] 找到: IGS0OPSFIN_20241210000_01D_15M_ORB.SP3.gz
  [BKG 周2312] ✓ (247KB)
  SP3: 96 epochs, 32 GPS 卫星, 2024-04-30 00:00:00 → 2024-04-30 23:45:00
  PPP: 477/479 epochs 收敛
  E=2.54cm  N=2.87cm  U=10.43cm  3D=11.11cm  (413/477)
  进度: 10/31 天 (32%)

[10:30:38] 2024-05-11 [sp3]
  [缓存] 2024-05-11
  轨道: 86360 epochs
  查找 SP3: 2024-05-11 (GPS week 2313, 优先 事后精密(FIN))
  [BKG 扫描] 未找到目标产品类型，扫描相邻周...
  [BKG 周2312] 找到: IGS0OPSFIN_20241210000_01D_15M_ORB.SP3.gz
  [BKG 周2312] ✓ (247KB)
  SP3: 96 epochs, 32 GPS 卫星, 2024-04-30 00:00:00 → 2024-04-30 23:45:00
  PPP: 472/479 epochs 收敛
  E=1.25cm  N=0.83cm  U=8.81cm  3D=8.93cm  (397/472)
  进度: 11/31 天 (35%)

[10:30:47] 2024-05-12 [sp3]
  [缓存] 2024-05-12
  轨道: 86366 epochs
  查找 SP3: 2024-05-12 (GPS week 2314, 优先 事后精密(FIN))
  [BKG 扫描] 未找到目标产品类型，扫描相邻周...
  [BKG 周2312] 找到: IGS0OPSFIN_20241210000_01D_15M_ORB.SP3.gz
  [BKG 周2312] ✓ (247KB)
  SP3: 96 epochs, 32 GPS 卫星, 2024-04-30 00:00:00 → 2024-04-30 23:45:00
  PPP: 467/479 epochs 收敛
  E=0.79cm  N=0.76cm  U=6.43cm  3D=6.52cm  (404/467)
  进度: 12/31 天 (39%)

[10:30:57] 2024-05-13 [sp3]
  [缓存] 2024-05-13
  轨道: 86373 epochs
  查找 SP3: 2024-05-13 (GPS week 2314, 优先 事后精密(FIN))
  [BKG 扫描] 未找到目标产品类型，扫描相邻周...
  [BKG 周2312] 找到: IGS0OPSFIN_20241210000_01D_15M_ORB.SP3.gz
  [BKG 周2312] ✓ (247KB)
  SP3: 96 epochs, 32 GPS 卫星, 2024-04-30 00:00:00 → 2024-04-30 23:45:00
  PPP: 474/479 epochs 收敛
  E=1.29cm  N=0.74cm  U=7.99cm  3D=8.12cm  (406/474)
  进度: 13/31 天 (42%)

[10:31:07] 2024-05-14 [sp3]
  [缓存] 2024-05-14
  轨道: 86382 epochs
  查找 SP3: 2024-05-14 (GPS week 2314, 优先 事后精密(FIN))
  [BKG 扫描] 未找到目标产品类型，扫描相邻周...
  [BKG 周2312] 找到: IGS0OPSFIN_20241210000_01D_15M_ORB.SP3.gz
  [BKG 周2312] ✓ (247KB)
  SP3: 96 epochs, 32 GPS 卫星, 2024-04-30 00:00:00 → 2024-04-30 23:45:00
  PPP: 478/479 epochs 收敛
  E=1.82cm  N=1.46cm  U=9.62cm  3D=9.90cm  (412/478)
  进度: 14/31 天 (45%)

[10:31:18] 2024-05-15 [sp3]
  [缓存] 2024-05-15
  轨道: 86375 epochs
  查找 SP3: 2024-05-15 (GPS week 2314, 优先 事后精密(FIN))
  [BKG 扫描] 未找到目标产品类型，扫描相邻周...
  [BKG 周2312] 找到: IGS0OPSFIN_20241210000_01D_15M_ORB.SP3.gz
  [BKG 周2312] ✓ (247KB)
  SP3: 96 epochs, 32 GPS 卫星, 2024-04-30 00:00:00 → 2024-04-30 23:45:00
  PPP: 475/479 epochs 收敛
  E=1.79cm  N=1.14cm  U=10.00cm  3D=10.22cm  (405/475)
  进度: 15/31 天 (48%)

[10:31:29] 2024-05-16 [sp3]
  [缓存] 2024-05-16
  轨道: 86385 epochs
  查找 SP3: 2024-05-16 (GPS week 2314, 优先 事后精密(FIN))
  [BKG 扫描] 未找到目标产品类型，扫描相邻周...
  [BKG 周2312] 找到: IGS0OPSFIN_20241210000_01D_15M_ORB.SP3.gz
  [BKG 周2312] ✓ (247KB)
  SP3: 96 epochs, 32 GPS 卫星, 2024-04-30 00:00:00 → 2024-04-30 23:45:00
  PPP: 457/479 epochs 收敛
  E=1.45cm  N=1.14cm  U=9.52cm  3D=9.70cm  (404/457)
  进度: 16/31 天 (52%)

[10:31:41] 2024-05-17 [sp3]
  [缓存] 2024-05-17
  轨道: 86373 epochs
  查找 SP3: 2024-05-17 (GPS week 2314, 优先 事后精密(FIN))
  [BKG 扫描] 未找到目标产品类型，扫描相邻周...
  [BKG 周2312] 找到: IGS0OPSFIN_20241210000_01D_15M_ORB.SP3.gz
  [BKG 周2312] ✓ (247KB)
  SP3: 96 epochs, 32 GPS 卫星, 2024-04-30 00:00:00 → 2024-04-30 23:45:00
  PPP: 474/479 epochs 收敛
  E=1.35cm  N=0.93cm  U=7.73cm  3D=7.91cm  (400/474)
  进度: 17/31 天 (55%)

[10:31:52] 2024-05-18 [sp3]
  [缓存] 2024-05-18
  轨道: 86387 epochs
  查找 SP3: 2024-05-18 (GPS week 2314, 优先 事后精密(FIN))
  [BKG 扫描] 未找到目标产品类型，扫描相邻周...
  [BKG 周2312] 找到: IGS0OPSFIN_20241210000_01D_15M_ORB.SP3.gz
  [BKG 周2312] ✓ (247KB)
  SP3: 96 epochs, 32 GPS 卫星, 2024-04-30 00:00:00 → 2024-04-30 23:45:00
  PPP: 477/479 epochs 收敛
  E=1.44cm  N=1.65cm  U=9.75cm  3D=10.00cm  (420/477)
  进度: 18/31 天 (58%)

[10:32:03] 2024-05-19 [sp3]
  [缓存] 2024-05-19
  轨道: 86359 epochs
  查找 SP3: 2024-05-19 (GPS week 2315, 优先 事后精密(FIN))
  [BKG 扫描] 未找到目标产品类型，扫描相邻周...
  [BKG 周2312] 找到: IGS0OPSFIN_20241210000_01D_15M_ORB.SP3.gz
  [BKG 周2312] ✓ (247KB)
  SP3: 96 epochs, 32 GPS 卫星, 2024-04-30 00:00:00 → 2024-04-30 23:45:00
  PPP: 476/479 epochs 收敛
  E=1.11cm  N=0.94cm  U=9.29cm  3D=9.41cm  (411/476)
  进度: 19/31 天 (61%)

[10:32:16] 2024-05-20 [sp3]
  [缓存] 2024-05-20
  轨道: 86382 epochs
  查找 SP3: 2024-05-20 (GPS week 2315, 优先 事后精密(FIN))
  [BKG 扫描] 未找到目标产品类型，扫描相邻周...
  [BKG 周2312] 找到: IGS0OPSFIN_20241210000_01D_15M_ORB.SP3.gz
  [BKG 周2312] ✓ (247KB)
  SP3: 96 epochs, 32 GPS 卫星, 2024-04-30 00:00:00 → 2024-04-30 23:45:00
  PPP: 467/479 epochs 收敛
  E=1.22cm  N=1.05cm  U=8.65cm  3D=8.80cm  (402/467)
  进度: 20/31 天 (65%)

[10:32:30] 2024-05-21 [sp3]
  [缓存] 2024-05-21
  轨道: 86278 epochs
  查找 SP3: 2024-05-21 (GPS week 2315, 优先 事后精密(FIN))
  [BKG 扫描] 未找到目标产品类型，扫描相邻周...
  [BKG 周2312] 找到: IGS0OPSFIN_20241210000_01D_15M_ORB.SP3.gz
  [BKG 周2312] ✓ (247KB)
  SP3: 96 epochs, 32 GPS 卫星, 2024-04-30 00:00:00 → 2024-04-30 23:45:00
  PPP: 472/479 epochs 收敛
  E=0.98cm  N=0.98cm  U=10.35cm  3D=10.44cm  (398/472)
  进度: 21/31 天 (68%)

[10:32:42] 2024-05-22 [sp3]
  [缓存] 2024-05-22
  轨道: 86387 epochs
  查找 SP3: 2024-05-22 (GPS week 2315, 优先 事后精密(FIN))
  [BKG 扫描] 未找到目标产品类型，扫描相邻周...
  [BKG 周2312] 找到: IGS0OPSFIN_20241210000_01D_15M_ORB.SP3.gz
  [BKG 周2312] ✓ (247KB)
  SP3: 96 epochs, 32 GPS 卫星, 2024-04-30 00:00:00 → 2024-04-30 23:45:00
  PPP: 474/479 epochs 收敛
  E=3.23cm  N=1.56cm  U=10.85cm  3D=11.42cm  (420/474)
  进度: 22/31 天 (71%)

[10:32:55] 2024-05-23 [sp3]
  [缓存] 2024-05-23
  轨道: 86377 epochs
  查找 SP3: 2024-05-23 (GPS week 2315, 优先 事后精密(FIN))
  [BKG 扫描] 未找到目标产品类型，扫描相邻周...
  [BKG 周2312] 找到: IGS0OPSFIN_20241210000_01D_15M_ORB.SP3.gz
  [BKG 周2312] ✓ (247KB)
  SP3: 96 epochs, 32 GPS 卫星, 2024-04-30 00:00:00 → 2024-04-30 23:45:00
  PPP: 476/479 epochs 收敛
  E=1.47cm  N=1.46cm  U=10.79cm  3D=10.98cm  (415/476)
  进度: 23/31 天 (74%)

[10:33:08] 2024-05-24 [sp3]
  [缓存] 2024-05-24
  轨道: 86386 epochs
  查找 SP3: 2024-05-24 (GPS week 2315, 优先 事后精密(FIN))
  [BKG 扫描] 未找到目标产品类型，扫描相邻周...
  [BKG 周2312] 找到: IGS0OPSFIN_20241210000_01D_15M_ORB.SP3.gz
  [BKG 周2312] ✓ (247KB)
  SP3: 96 epochs, 32 GPS 卫星, 2024-04-30 00:00:00 → 2024-04-30 23:45:00
  PPP: 470/479 epochs 收敛
  E=0.75cm  N=0.80cm  U=8.96cm  3D=9.03cm  (399/470)
  进度: 24/31 天 (77%)

[10:33:21] 2024-05-25 [sp3]
  [缓存] 2024-05-25
  轨道: 86379 epochs
  查找 SP3: 2024-05-25 (GPS week 2315, 优先 事后精密(FIN))
  [BKG 扫描] 未找到目标产品类型，扫描相邻周...
  [BKG 周2312] 找到: IGS0OPSFIN_20241210000_01D_15M_ORB.SP3.gz
  [BKG 周2312] ✓ (247KB)
  SP3: 96 epochs, 32 GPS 卫星, 2024-04-30 00:00:00 → 2024-04-30 23:45:00
  PPP: 469/479 epochs 收敛
  E=1.18cm  N=0.94cm  U=9.27cm  3D=9.39cm  (401/469)
  进度: 25/31 天 (81%)

[10:33:34] 2024-05-26 [sp3]
  [缓存] 2024-05-26
  轨道: 86365 epochs
  查找 SP3: 2024-05-26 (GPS week 2316, 优先 事后精密(FIN))
  [BKG 扫描] 未找到目标产品类型，扫描相邻周...
  [错误] 所有 SP3 数据源均不可用
  [警告] SP3 不可用，降级为广播星历
  PPP: 477/479 epochs 收敛
  E=1.59cm  N=0.99cm  U=10.99cm  3D=11.15cm  (443/477)
  进度: 26/31 天 (84%)

[10:33:47] 2024-05-27 [sp3]
  [缓存] 2024-05-27
  轨道: 86367 epochs
  查找 SP3: 2024-05-27 (GPS week 2316, 优先 事后精密(FIN))
  [BKG 扫描] 未找到目标产品类型，扫描相邻周...
  [错误] 所有 SP3 数据源均不可用
  [警告] SP3 不可用，降级为广播星历
  PPP: 470/479 epochs 收敛
  E=2.81cm  N=2.74cm  U=17.21cm  3D=17.65cm  (342/470)
  进度: 27/31 天 (87%)

[10:34:00] 2024-05-28 [sp3]
  [缓存] 2024-05-28
  轨道: 86370 epochs
  查找 SP3: 2024-05-28 (GPS week 2316, 优先 事后精密(FIN))
  [BKG 扫描] 未找到目标产品类型，扫描相邻周...
  [错误] 所有 SP3 数据源均不可用
  [警告] SP3 不可用，降级为广播星历
  PPP: 475/479 epochs 收敛
  E=1.25cm  N=1.48cm  U=12.95cm  3D=13.09cm  (432/475)
  进度: 28/31 天 (90%)

[10:34:13] 2024-05-29 [sp3]
  [缓存] 2024-05-29
  轨道: 86389 epochs
  查找 SP3: 2024-05-29 (GPS week 2316, 优先 事后精密(FIN))
  [BKG 扫描] 未找到目标产品类型，扫描相邻周...
  [错误] 所有 SP3 数据源均不可用
  [警告] SP3 不可用，降级为广播星历
  PPP: 477/479 epochs 收敛
  E=0.89cm  N=0.84cm  U=8.59cm  3D=8.67cm  (439/477)
  进度: 29/31 天 (94%)

[10:34:26] 2024-05-30 [sp3]
  [缓存] 2024-05-30
  轨道: 86378 epochs
  查找 SP3: 2024-05-30 (GPS week 2316, 优先 事后精密(FIN))
  [BKG 扫描] 未找到目标产品类型，扫描相邻周...
  [错误] 所有 SP3 数据源均不可用
  [警告] SP3 不可用，降级为广播星历
  PPP: 469/479 epochs 收敛
  E=1.40cm  N=1.13cm  U=10.03cm  3D=10.19cm  (426/469)
  进度: 30/31 天 (97%)

[10:34:39] 2024-05-31 [sp3]
  [缓存] 2024-05-31
  轨道: 86387 epochs
  查找 SP3: 2024-05-31 (GPS week 2316, 优先 事后精密(FIN))
  [BKG 扫描] 未找到目标产品类型，扫描相邻周...
  [错误] 所有 SP3 数据源均不可用
  [警告] SP3 不可用，降级为广播星历
  PPP: 470/479 epochs 收敛
  E=4.89cm  N=2.49cm  U=14.24cm  3D=15.26cm  (396/470)
  进度: 31/31 天 (100%)

报告: output/report_sp3_2024-05-01_2024-05-31.html

────────────────────────────────────────
精密星历 汇总 (31/31 天成功):
  E = 1.69 ± 0.89 cm
  N = 1.40 ± 0.73 cm
  U = 9.80 ± 2.17 cm
  3D = 10.09 ± 2.28 cm
────────────────────────────────────────

全部完成！日期范围: 2024-05-01 → 2024-05-31
